<?xml version="1.0" encoding="UTF-8"?>
<testng-results ignored="0" total="4" passed="4" failed="0" skipped="0">
  <reporter-output>
  </reporter-output>
  <suite started-at="2025-03-28T10:30:25 IST" name="Default suite" finished-at="2025-03-28T10:30:28 IST" duration-ms="3026">
    <groups>
    </groups>
    <test started-at="2025-03-28T10:30:25 IST" name="Default test" finished-at="2025-03-28T10:30:28 IST" duration-ms="3026">
      <class name="Automation.wingify">
        <test-method is-config="true" signature="setup()[pri:0, instance:Automation.wingify@40a4337a]" started-at="2025-03-28T10:30:25 IST" name="setup" finished-at="2025-03-28T10:30:28 IST" duration-ms="2028" status="PASS">
          <reporter-output>
          </reporter-output>
        </test-method> <!-- setup -->
        <test-method signature="testPageTitle()[pri:1, instance:Automation.wingify@40a4337a]" started-at="2025-03-28T10:30:28 IST" name="testPageTitle" finished-at="2025-03-28T10:30:28 IST" duration-ms="27" status="PASS">
          <reporter-output>
          </reporter-output>
        </test-method> <!-- testPageTitle -->
        <test-method signature="logIn()[pri:2, instance:Automation.wingify@40a4337a]" started-at="2025-03-28T10:30:28 IST" name="logIn" finished-at="2025-03-28T10:30:28 IST" duration-ms="450" status="PASS">
          <reporter-output>
          </reporter-output>
        </test-method> <!-- logIn -->
        <test-method signature="ClickOnAmount()[pri:3, instance:Automation.wingify@40a4337a]" started-at="2025-03-28T10:30:28 IST" name="ClickOnAmount" finished-at="2025-03-28T10:30:28 IST" duration-ms="137" status="PASS">
          <reporter-output>
          </reporter-output>
        </test-method> <!-- ClickOnAmount -->
        <test-method signature="searchFunctionality()[pri:4, instance:Automation.wingify@40a4337a]" started-at="2025-03-28T10:30:28 IST" name="searchFunctionality" finished-at="2025-03-28T10:30:28 IST" duration-ms="147" status="PASS">
          <reporter-output>
          </reporter-output>
        </test-method> <!-- searchFunctionality -->
        <test-method is-config="true" signature="tearDown()[pri:0, instance:Automation.wingify@40a4337a]" started-at="2025-03-28T10:30:28 IST" name="tearDown" finished-at="2025-03-28T10:30:28 IST" duration-ms="192" status="PASS">
          <reporter-output>
          </reporter-output>
        </test-method> <!-- tearDown -->
      </class> <!-- Automation.wingify -->
    </test> <!-- Default test -->
  </suite> <!-- Default suite -->
</testng-results>
