<?xml version="1.0" encoding="UTF-8"?>
<!-- Generated by org.testng.reporters.JUnitReportReporter -->
<testsuite hostname="DESKTOP-E7FOJT8" failures="0" tests="4" name="Automation.wingify" time="0.761" errors="0" timestamp="2025-03-28T10:30:29 IST" skipped="0">
  <testcase classname="Automation.wingify" name="testPageTitle" time="0.027"/>
  <testcase classname="Automation.wingify" name="logIn" time="0.450"/>
  <testcase classname="Automation.wingify" name="ClickOnAmount" time="0.137"/>
  <testcase classname="Automation.wingify" name="searchFunctionality" time="0.147"/>
</testsuite> <!-- Automation.wingify -->
